Z:\DARBAI\DARBAS 1\DARBAS 1\DEBUG\SOURCE.OBJ
Z:\DARBAI\DARBAS 1\DARBAS 1\DEBUG\VC110.PDB
Z:\C++\DARBAI\DARBAS 1\DARBAS 1\DEBUG\VC110.PDB
Z:\DARBAI\DARBAS 1\DEBUG\DARBAS 1.ILK
Z:\DARBAI\DARBAS 1\DEBUG\DARBAS 1.EXE
Z:\DARBAI\DARBAS 1\DEBUG\DARBAS 1.PDB
Z:\C++\Darbai\Darbas 1\Darbas 1\Debug\cl.command.1.tlog
Z:\C++\Darbai\Darbas 1\Darbas 1\Debug\CL.read.1.tlog
Z:\C++\Darbai\Darbas 1\Darbas 1\Debug\CL.write.1.tlog
Z:\C++\Darbai\Darbas 1\Darbas 1\Debug\link-cvtres.read.1.tlog
Z:\C++\Darbai\Darbas 1\Darbas 1\Debug\link-cvtres.write.1.tlog
Z:\C++\Darbai\Darbas 1\Darbas 1\Debug\link-rc.read.1.tlog
Z:\C++\Darbai\Darbas 1\Darbas 1\Debug\link-rc.write.1.tlog
Z:\C++\Darbai\Darbas 1\Darbas 1\Debug\link.command.1.tlog
Z:\C++\Darbai\Darbas 1\Darbas 1\Debug\link.read.1.tlog
Z:\C++\Darbai\Darbas 1\Darbas 1\Debug\link.write.1.tlog
Z:\C++\Darbai\Darbas 1\Darbas 1\Debug\vc110.idb
Z:\C++\Darbai\Darbas 1\Darbas 1\Debug\vc110.pdb
Z:\C++\Darbai\Darbas 1\Debug\Darbas 1.pdb
Z:\C++\Darbai\Darbas 1\Debug\Darbas 1.exe
Z:\C++\Darbai\Darbas 1\Debug\Darbas 1.ilk
